This is pdfTeX, Version 3.1415926-2.5-1.40.14 (TeX Live 2013/Debian) (format=pdflatex 2014.1.28)  30 OCT 2014 17:17
entering extended mode
 restricted \write18 enabled.
 %&-line parsing enabled.
**lista.tex
(./lista.tex
LaTeX2e <2011/06/27>
Babel <3.9f> and hyphenation patterns for 78 languages loaded.
(/usr/share/texlive/texmf-dist/tex/latex/revtex/revtex4-1.cls
Document Class: revtex4-1 2010/07/25/20:33:00 4.1r (http://publish.aps.org/revt
ex4/ for documentation)
 Copyright (c) 2009 The American Physical Society.
 mailto:revtex@aps.org
 Licensed under the LPPL:
http://www.ctan.org/tex-archive/macros/latex/base/lppl.txt
 Arthur Ogawa <arthur_ogawa at sbcglobal dot net>
 Based on work by David Carlisle <david at dcarlisle.demon.co.uk>.
ltxutil[2010/07/25/20:33:00 4.1r utilities package (portions licensed from W. E
. Baxter web at superscript.com)]
LaTeX Info: Redefining \@centercr on input line 308.
Class revtex4-1 Info: Repairing broken LaTeX eqnarray on input line 358.
\eqncolsep=\skip41
Class revtex4-1 Info: Repairing hyperref-unfriendly LaTeX definition of \mpfoot
note on input line 433.
Class revtex4-1 Info: Repairing broken LateX \@sect on input line 755.
\intertabularlinepenalty=\count79
\@tbpen=\count80
\@arstrutbox@hline=\box26
Class revtex4-1 Info: Repairing broken LaTeX \@xbitor on input line 1786.
Class revtex4-1 Info: Making \typeout \long on input line 2046.
ltxfront[2010/07/25/20:33:00 4.1r frontmatter package (AO,DPC)]
\c@affil=\count81
\c@collab=\count82
\absbox=\box27
ltxgrid[2010/07/25/20:33:00 4.1r page grid package (portions licensed from W. E
. Baxter web at superscript.com)]
\c@linecount=\count83
\output@latex=\toks14
\box@size@1=\box28
\box@size@2=\box29
\@protection@box=\box30
\@topmark@saved=\toks15
\footins@saved=\box31
\footins@recovered=\box32
\column@recovered=\box33
\pagesofar=\box34
\footsofar=\box35
\pagegrid@col=\count84
Class revtex4-1 Info: Overriding \@vspace, \@vspacer, \@no@pgbk, \@newline, and
 \\  on input line 5578.
\c@part=\count85
\c@section=\count86
\c@subsection=\count87
\c@subsubsection=\count88
\c@paragraph=\count89
\c@subparagraph=\count90
\abovecaptionskip=\skip42
\belowcaptionskip=\skip43
\c@figure=\count91
\fbox@1=\box36
\c@table=\count92
\fbox@2=\box37
\c@video=\count93
\fbox@4=\box38
\@bibdataout=\write3
\widetext@top=\box39
\widetext@bot=\box40

Class revtex4-1 Warning: No Society specified, using default society aps.

(/usr/share/texlive/texmf-dist/tex/latex/revtex/aps4-1.rtx
File: aps4-1 2010/07/25/20:33:00 4.1r (http://publish.aps.org/revtex4/ for docu
mentation)
Class revtex4-1 Info: RevTeX society APS selected on input line 31.
)

Class revtex4-1 Warning: No journal specified, using default pra.

Class revtex4-1 Info: APS journal PRA selected on input line 7545.

Class revtex4-1 Warning: No type size specified, using default 10.

(/usr/share/texlive/texmf-dist/tex/latex/revtex/aps10pt4-1.rtx
File: aps10pt4-1 2010/07/25/20:33:00 4.1r (http://publish.aps.org/revtex4/ for 
documentation)
Class revtex4-1 Info: RevTeX pointsize 10pt selected on input line 30.
)
(/usr/share/texlive/texmf-dist/tex/latex/textcase/textcase.sty
Package: textcase 2004/10/07 v0.07 Text only upper/lower case changing (DPC)
)
(/usr/share/texlive/texmf-dist/tex/latex/url/url.sty
\Urlmuskip=\muskip10
Package: url 2006/04/12  ver 3.3  Verb mode for urls, etc.
)
(/usr/share/texlive/texmf-dist/tex/latex/natbib/natbib.sty
Package: natbib 2010/09/13 8.31b (PWD, AO)
\bibhang=\skip44
\bibsep=\skip45
LaTeX Info: Redefining \cite on input line 694.
\c@NAT@ctr=\count94
)
Class revtex4-1 Info: Repairing natbib's \BibitemShut on input line 7549.

(/usr/share/texlive/texmf-dist/tex/latex/revtex/revsymb4-1.sty
Package: revsymb4-1 2010/07/25/20:33:00 4.1r (http://publish.aps.org/revtex4/ f
or documentation)
LaTeX Info: Redefining \REV@mathfrak on input line 119.
))
(/usr/share/texlive/texmf-dist/tex/latex/graphics/graphicx.sty
Package: graphicx 1999/02/16 v1.0f Enhanced LaTeX Graphics (DPC,SPQR)

(/usr/share/texlive/texmf-dist/tex/latex/graphics/keyval.sty
Package: keyval 1999/03/16 v1.13 key=value parser (DPC)
\KV@toks@=\toks16
)
(/usr/share/texlive/texmf-dist/tex/latex/graphics/graphics.sty
Package: graphics 2009/02/05 v1.0o Standard LaTeX Graphics (DPC,SPQR)

(/usr/share/texlive/texmf-dist/tex/latex/graphics/trig.sty
Package: trig 1999/03/16 v1.09 sin cos tan (DPC)
)
(/usr/share/texlive/texmf-dist/tex/latex/latexconfig/graphics.cfg
File: graphics.cfg 2010/04/23 v1.9 graphics configuration of TeX Live
)
Package graphics Info: Driver file: pdftex.def on input line 91.

(/usr/share/texlive/texmf-dist/tex/latex/pdftex-def/pdftex.def
File: pdftex.def 2011/05/27 v0.06d Graphics/color for pdfTeX

(/usr/share/texlive/texmf-dist/tex/generic/oberdiek/infwarerr.sty
Package: infwarerr 2010/04/08 v1.3 Providing info/warning/error messages (HO)
)
(/usr/share/texlive/texmf-dist/tex/generic/oberdiek/ltxcmds.sty
Package: ltxcmds 2011/11/09 v1.22 LaTeX kernel commands for general use (HO)
)
\Gread@gobject=\count95
))
\Gin@req@height=\dimen102
\Gin@req@width=\dimen103
)
Class revtex4-1 Info: Patching LaTeX tabular. on input line 5.
Class revtex4-1 Info: Robustifying \LaTeX's \boldmath command on input line 5.
Class revtex4-1 Info: cite was not loaded (OK!) on input line 5.
Class revtex4-1 Info: mcite was not loaded (OK!) on input line 5.
Class revtex4-1 Info: multicol was not loaded (OK!) on input line 5.


LaTeX Warning: Unused global option(s):
    [9pt].

No file lista.aux.
\openout1 = `lista.aux'.

LaTeX Font Info:    Checking defaults for OML/cmm/m/it on input line 5.
LaTeX Font Info:    ... okay on input line 5.
LaTeX Font Info:    Checking defaults for T1/cmr/m/n on input line 5.
LaTeX Font Info:    ... okay on input line 5.
LaTeX Font Info:    Checking defaults for OT1/cmr/m/n on input line 5.
LaTeX Font Info:    ... okay on input line 5.
LaTeX Font Info:    Checking defaults for OMS/cmsy/m/n on input line 5.
LaTeX Font Info:    ... okay on input line 5.
LaTeX Font Info:    Checking defaults for OMX/cmex/m/n on input line 5.
LaTeX Font Info:    ... okay on input line 5.
LaTeX Font Info:    Checking defaults for U/cmr/m/n on input line 5.
LaTeX Font Info:    ... okay on input line 5.
(/usr/share/texlive/texmf-dist/tex/context/base/supp-pdf.mkii
[Loading MPS to PDF converter (version 2006.09.02).]
\scratchcounter=\count96
\scratchdimen=\dimen104
\scratchbox=\box41
\nofMPsegments=\count97
\nofMParguments=\count98
\everyMPshowfont=\toks17
\MPscratchCnt=\count99
\MPscratchDim=\dimen105
\MPnumerator=\count100
\makeMPintoPDFobject=\count101
\everyMPtoPDFconversion=\toks18
) (/usr/share/texlive/texmf-dist/tex/generic/oberdiek/pdftexcmds.sty
Package: pdftexcmds 2011/11/29 v0.20 Utility functions of pdfTeX for LuaTeX (HO
)

(/usr/share/texlive/texmf-dist/tex/generic/oberdiek/ifluatex.sty
Package: ifluatex 2010/03/01 v1.3 Provides the ifluatex switch (HO)
Package ifluatex Info: LuaTeX not detected.
)
(/usr/share/texlive/texmf-dist/tex/generic/oberdiek/ifpdf.sty
Package: ifpdf 2011/01/30 v2.3 Provides the ifpdf switch (HO)
Package ifpdf Info: pdfTeX in PDF mode is detected.
)
Package pdftexcmds Info: LuaTeX not detected.
Package pdftexcmds Info: \pdf@primitive is available.
Package pdftexcmds Info: \pdf@ifprimitive is available.
Package pdftexcmds Info: \pdfdraftmode found.
)
(/usr/share/texlive/texmf-dist/tex/latex/oberdiek/epstopdf-base.sty
Package: epstopdf-base 2010/02/09 v2.5 Base part for package epstopdf

(/usr/share/texlive/texmf-dist/tex/latex/oberdiek/grfext.sty
Package: grfext 2010/08/19 v1.1 Manage graphics extensions (HO)

(/usr/share/texlive/texmf-dist/tex/generic/oberdiek/kvdefinekeys.sty
Package: kvdefinekeys 2011/04/07 v1.3 Define keys (HO)
))
(/usr/share/texlive/texmf-dist/tex/latex/oberdiek/kvoptions.sty
Package: kvoptions 2011/06/30 v3.11 Key value format for package options (HO)

(/usr/share/texlive/texmf-dist/tex/generic/oberdiek/kvsetkeys.sty
Package: kvsetkeys 2012/04/25 v1.16 Key value parser (HO)

(/usr/share/texlive/texmf-dist/tex/generic/oberdiek/etexcmds.sty
Package: etexcmds 2011/02/16 v1.5 Avoid name clashes with e-TeX commands (HO)
Package etexcmds Info: Could not find \expanded.
(etexcmds)             That can mean that you are not using pdfTeX 1.50 or
(etexcmds)             that some package has redefined \expanded.
(etexcmds)             In the latter case, load this package earlier.
)))
Package grfext Info: Graphics extension search list:
(grfext)             [.png,.pdf,.jpg,.mps,.jpeg,.jbig2,.jb2,.PNG,.PDF,.JPG,.JPE
G,.JBIG2,.JB2,.eps]
(grfext)             \AppendGraphicsExtensions on input line 452.

(/usr/share/texlive/texmf-dist/tex/latex/latexconfig/epstopdf-sys.cfg
File: epstopdf-sys.cfg 2010/07/13 v1.3 Configuration of (r)epstopdf for TeX Liv
e
))
\openout3 = `listaNotes.bib'.



Class revtex4-1 Warning: No title.

LaTeX Font Info:    External font `cmex10' loaded for size
(Font)              <7> on input line 12.
LaTeX Font Info:    External font `cmex10' loaded for size
(Font)              <5> on input line 12.
<UGC00312.png, id=1, 269.005pt x 266.9975pt>
File: UGC00312.png Graphic file (type png)
 <use UGC00312.png>
Package pdftex.def Info: UGC00312.png used on input line 48.
(pdftex.def)             Requested size: 80.70212pt x 80.09985pt.

<UGC07012.png, id=3, 269.005pt x 269.005pt>
File: UGC07012.png Graphic file (type png)
 <use UGC07012.png>
Package pdftex.def Info: UGC07012.png used on input line 52.
(pdftex.def)             Requested size: 80.70212pt x 80.70212pt.

<UGC08733.png, id=4, 272.01625pt x 270.00874pt>
File: UGC08733.png Graphic file (type png)
 <use UGC08733.png>
Package pdftex.def Info: UGC08733.png used on input line 56.
(pdftex.def)             Requested size: 81.6055pt x 81.00323pt.

<UGC09476.png, id=5, 266.9975pt x 264.99pt>
File: UGC09476.png Graphic file (type png)
 <use UGC09476.png>
Package pdftex.def Info: UGC09476.png used on input line 60.
(pdftex.def)             Requested size: 80.09985pt x 79.4976pt.

<NGC7819.png, id=6, 271.0125pt x 266.9975pt>
File: NGC7819.png Graphic file (type png)
 <use NGC7819.png>
Package pdftex.def Info: NGC7819.png used on input line 64.
(pdftex.def)             Requested size: 81.30437pt x 80.09985pt.

<NGC0477.png, id=7, 270.00874pt x 268.00125pt>
File: NGC0477.png Graphic file (type png)
 <use NGC0477.png>
Package pdftex.def Info: NGC0477.png used on input line 69.
(pdftex.def)             Requested size: 81.00323pt x 80.40099pt.

<NGC2916.png, id=8, 272.01625pt x 268.00125pt>
File: NGC2916.png Graphic file (type png)
 <use NGC2916.png>
Package pdftex.def Info: NGC2916.png used on input line 73.
(pdftex.def)             Requested size: 81.6055pt x 80.40099pt.

<NGC7321.png, id=9, 273.02pt x 268.00125pt>
File: NGC7321.png Graphic file (type png)
 <use NGC7321.png>
Package pdftex.def Info: NGC7321.png used on input line 77.
(pdftex.def)             Requested size: 81.90663pt x 80.40099pt.

<IC1256.png, id=10, 272.01625pt x 264.99pt>
File: IC1256.png Graphic file (type png)
 <use IC1256.png>
Package pdftex.def Info: IC1256.png used on input line 81.
(pdftex.def)             Requested size: 81.6055pt x 79.4976pt.

<NGC0036.png, id=11, 270.00874pt x 266.9975pt>
File: NGC0036.png Graphic file (type png)
 <use NGC0036.png>
Package pdftex.def Info: NGC0036.png used on input line 85.
(pdftex.def)             Requested size: 81.00323pt x 80.09985pt.

<NGC0776.png, id=12, 270.00874pt x 270.00874pt>
File: NGC0776.png Graphic file (type png)
 <use NGC0776.png>
Package pdftex.def Info: NGC0776.png used on input line 92.
(pdftex.def)             Requested size: 81.00323pt x 81.00323pt.

<NGC4210.png, id=13, 270.00874pt x 266.9975pt>
File: NGC4210.png Graphic file (type png)
 <use NGC4210.png>
Package pdftex.def Info: NGC4210.png used on input line 96.
(pdftex.def)             Requested size: 81.00323pt x 80.09985pt.

<NGC4185.png, id=14, 270.00874pt x 269.005pt>
File: NGC4185.png Graphic file (type png)
 <use NGC4185.png>
Package pdftex.def Info: NGC4185.png used on input line 100.
(pdftex.def)             Requested size: 81.00323pt x 80.70212pt.

<IC0776.png, id=15, 269.005pt x 266.9975pt>
File: IC0776.png Graphic file (type png)
 <use IC0776.png>
Package pdftex.def Info: IC0776.png used on input line 104.
(pdftex.def)             Requested size: 80.70212pt x 80.09985pt.

<NGC5000.png, id=16, 269.005pt x 268.00125pt>
File: NGC5000.png Graphic file (type png)
 <use NGC5000.png>
Package pdftex.def Info: NGC5000.png used on input line 108.
(pdftex.def)             Requested size: 80.70212pt x 80.40099pt.

<UGC08781.png, id=17, 270.00874pt x 270.00874pt>
File: UGC08781.png Graphic file (type png)
 <use UGC08781.png>
Package pdftex.def Info: UGC08781.png used on input line 115.
(pdftex.def)             Requested size: 81.00323pt x 81.00323pt.

<NGC5406.png, id=18, 272.01625pt x 268.00125pt>
File: NGC5406.png Graphic file (type png)
 <use NGC5406.png>
Package pdftex.def Info: NGC5406.png used on input line 119.
(pdftex.def)             Requested size: 81.6055pt x 80.40099pt.
 [1{/var/lib/texmf/fonts/map/pdftex/updmap/pdftex.map}] [2 <./UGC00312.png> <./
UGC07012.png> <./UGC08733.png> <./UGC09476.png> <./NGC7819.png>]

LaTeX Warning: A float is stuck (cannot be placed); try class option [floatfix]
 on input line 124.


Class revtex4-1 Warning: Deferred float stuck during \clearpage processing.

[3 <./NGC0477.png> <./NGC2916.png> <./NGC7321.png> <./IC1256.png> <./NGC0036.pn
g> <./NGC0776.png> <./NGC4210.png> <./NGC4185.png> <./IC0776.png> <./NGC5000.pn
g> <./UGC08781.png> <./NGC5406.png>] [4]
File: NGC7819.png Graphic file (type png)
 <use NGC7819.png>
Package pdftex.def Info: NGC7819.png used on input line 217.
(pdftex.def)             Requested size: 81.30437pt x 80.09985pt.

<NGC0001.png, id=53, 269.005pt x 266.9975pt>
File: NGC0001.png Graphic file (type png)
 <use NGC0001.png>
Package pdftex.def Info: NGC0001.png used on input line 221.
(pdftex.def)             Requested size: 80.70212pt x 80.09985pt.
File: NGC0036.png Graphic file (type png)

<use NGC0036.png>
Package pdftex.def Info: NGC0036.png used on input line 225.
(pdftex.def)             Requested size: 81.00323pt x 80.09985pt.
File: UGC00312.png Graphic file (type png)
 <use UGC00312.png>
Package pdftex.def Info: UGC00312.png used on input line 229.
(pdftex.def)             Requested size: 80.70212pt x 80.09985pt.

<NGC0171.png, id=54, 270.00874pt x 272.01625pt>
File: NGC0171.png Graphic file (type png)
 <use NGC0171.png>
Package pdftex.def Info: NGC0171.png used on input line 233.
(pdftex.def)             Requested size: 81.00323pt x 81.6055pt.

<NGC0180.png, id=55, 272.01625pt x 264.99pt>
File: NGC0180.png Graphic file (type png)
 <use NGC0180.png>
Package pdftex.def Info: NGC0180.png used on input line 237.
(pdftex.def)             Requested size: 81.6055pt x 79.4976pt.

<NGC0237.png, id=56, 268.00125pt x 264.99pt>
File: NGC0237.png Graphic file (type png)
 <use NGC0237.png>
Package pdftex.def Info: NGC0237.png used on input line 244.
(pdftex.def)             Requested size: 80.40099pt x 79.4976pt.

<NGC0496.png, id=57, 269.005pt x 270.00874pt>
File: NGC0496.png Graphic file (type png)
 <use NGC0496.png>
Package pdftex.def Info: NGC0496.png used on input line 248.
(pdftex.def)             Requested size: 80.70212pt x 81.00323pt.
File: NGC0776.png Graphic file (type png)

<use NGC0776.png>
Package pdftex.def Info: NGC0776.png used on input line 252.
(pdftex.def)             Requested size: 81.00323pt x 81.00323pt.
 <NGC2253.png, id=58, 270.00874pt x 268.00125pt>
File: NGC2253.png Graphic file (type png)

<use NGC2253.png>
Package pdftex.def Info: NGC2253.png used on input line 256.
(pdftex.def)             Requested size: 81.00323pt x 80.40099pt.
 <NGC2347.png, id=59, 272.01625pt x 266.9975pt>
File: NGC2347.png Graphic file (type png)

<use NGC2347.png>
Package pdftex.def Info: NGC2347.png used on input line 260.
(pdftex.def)             Requested size: 81.6055pt x 80.09985pt.
 [5 <./NGC0001.png> <./NGC0171.png> <./NGC0180.png> <./NGC0237.png> <./NGC0496.
png>]

LaTeX Warning: A float is stuck (cannot be placed); try class option [floatfix]
 on input line 265.


Class revtex4-1 Warning: Deferred float stuck during \clearpage processing.

[6 <./NGC2253.png> <./NGC2347.png>]
<NGC2730.png, id=73, 268.00125pt x 264.99pt>
File: NGC2730.png Graphic file (type png)
 <use NGC2730.png>
Package pdftex.def Info: NGC2730.png used on input line 267.
(pdftex.def)             Requested size: 80.40099pt x 79.4976pt.
File: NGC2916.png Graphic file (type png)

<use NGC2916.png>
Package pdftex.def Info: NGC2916.png used on input line 271.
(pdftex.def)             Requested size: 81.6055pt x 80.40099pt.
 <NGC3381.png, id=74, 272.01625pt x 269.005pt>
File: NGC3381.png Graphic file (type png)

<use NGC3381.png>
Package pdftex.def Info: NGC3381.png used on input line 275.
(pdftex.def)             Requested size: 81.6055pt x 80.70212pt.
 <NGC3614.png, id=75, 272.01625pt x 266.9975pt>
File: NGC3614.png Graphic file (type png)

<use NGC3614.png>
Package pdftex.def Info: NGC3614.png used on input line 279.
(pdftex.def)             Requested size: 81.6055pt x 80.09985pt.
 <NGC3811.png, id=76, 272.01625pt x 268.00125pt>
File: NGC3811.png Graphic file (type png)

<use NGC3811.png>
Package pdftex.def Info: NGC3811.png used on input line 283.
(pdftex.def)             Requested size: 81.6055pt x 80.40099pt.
File: UGC07012.png Graphic file (type png)
 <use UGC07012.png>
Package pdftex.def Info: UGC07012.png used on input line 290.
(pdftex.def)             Requested size: 80.70212pt x 80.70212pt.
File: NGC4185.png Graphic file (type png)
 <use NGC4185.png>
Package pdftex.def Info: NGC4185.png used on input line 294.
(pdftex.def)             Requested size: 81.00323pt x 80.70212pt.
File: NGC4210.png Graphic file (type png)
 <use NGC4210.png>
Package pdftex.def Info: NGC4210.png used on input line 298.
(pdftex.def)             Requested size: 81.00323pt x 80.09985pt.
File: IC0776.png Graphic file (type png)

<use IC0776.png>
Package pdftex.def Info: IC0776.png used on input line 302.
(pdftex.def)             Requested size: 80.70212pt x 80.09985pt.
 <NGC4470.png, id=77, 274.02374pt x 269.005pt>
File: NGC4470.png Graphic file (type png)

<use NGC4470.png>
Package pdftex.def Info: NGC4470.png used on input line 306.
(pdftex.def)             Requested size: 82.20775pt x 80.70212pt.
 [7 <./NGC2730.png> <./NGC3381.png> <./NGC3614.png> <./NGC3811.png> <./NGC4470.
png>]
File: NGC5000.png Graphic file (type png)
 <use NGC5000.png>
Package pdftex.def Info: NGC5000.png used on input line 313.
(pdftex.def)             Requested size: 80.70212pt x 80.40099pt.

<NGC5205.png, id=87, 271.0125pt x 268.00125pt>
File: NGC5205.png Graphic file (type png)
 <use NGC5205.png>
Package pdftex.def Info: NGC5205.png used on input line 317.
(pdftex.def)             Requested size: 81.30437pt x 80.40099pt.
File: UGC08733.png Graphic file (type png)

<use UGC08733.png>
Package pdftex.def Info: UGC08733.png used on input line 321.
(pdftex.def)             Requested size: 81.6055pt x 81.00323pt.
File: UGC08781.png Graphic file (type png)
 <use UGC08781.png>
Package pdftex.def Info: UGC08781.png used on input line 325.
(pdftex.def)             Requested size: 81.00323pt x 81.00323pt.

<NGC5378.png, id=88, 270.00874pt x 270.00874pt>
File: NGC5378.png Graphic file (type png)
 <use NGC5378.png>
Package pdftex.def Info: NGC5378.png used on input line 329.
(pdftex.def)             Requested size: 81.00323pt x 81.00323pt.
File: NGC5406.png Graphic file (type png)

<use NGC5406.png>
Package pdftex.def Info: NGC5406.png used on input line 336.
(pdftex.def)             Requested size: 81.6055pt x 80.40099pt.
 <UGC09067.png, id=89, 273.02pt x 265.99374pt>
File: UGC09067.png Graphic file (type png)

<use UGC09067.png>
Package pdftex.def Info: UGC09067.png used on input line 340.
(pdftex.def)             Requested size: 81.90663pt x 79.79874pt.
File: NGC0036.png Graphic file (type png)
 <use NGC0036.png>
Package pdftex.def Info: NGC0036.png used on input line 344.
(pdftex.def)             Requested size: 81.00323pt x 80.09985pt.
File: NGC0776.png Graphic file (type png)
 <use NGC0776.png>
Package pdftex.def Info: NGC0776.png used on input line 348.
(pdftex.def)             Requested size: 81.00323pt x 81.00323pt.
File: NGC4210.png Graphic file (type png)
 <use NGC4210.png>
Package pdftex.def Info: NGC4210.png used on input line 352.
(pdftex.def)             Requested size: 81.00323pt x 80.09985pt.

[8 <./NGC5205.png> <./NGC5378.png> <./UGC09067.png>]
File: NGC4185.png Graphic file (type png)
 <use NGC4185.png>
Package pdftex.def Info: NGC4185.png used on input line 359.
(pdftex.def)             Requested size: 81.00323pt x 80.70212pt.
File: IC0776.png Graphic file (type png)

<use IC0776.png>
Package pdftex.def Info: IC0776.png used on input line 363.
(pdftex.def)             Requested size: 80.70212pt x 80.09985pt.
File: NGC5000.png Graphic file (type png)
 <use NGC5000.png>
Package pdftex.def Info: NGC5000.png used on input line 367.
(pdftex.def)             Requested size: 80.70212pt x 80.40099pt.
File: UGC08781.png Graphic file (type png)
 <use UGC08781.png>
Package pdftex.def Info: UGC08781.png used on input line 371.
(pdftex.def)             Requested size: 81.00323pt x 81.00323pt.
File: NGC5406.png Graphic file (type png)
 <use NGC5406.png>
Package pdftex.def Info: NGC5406.png used on input line 375.
(pdftex.def)             Requested size: 81.6055pt x 80.40099pt.

<NGC5520.png, id=96, 270.00874pt x 272.01625pt>
File: NGC5520.png Graphic file (type png)
 <use NGC5520.png>
Package pdftex.def Info: NGC5520.png used on input line 382.
(pdftex.def)             Requested size: 81.00323pt x 81.6055pt.

<NGC5614.png, id=97, 271.0125pt x 268.00125pt>
File: NGC5614.png Graphic file (type png)
 <use NGC5614.png>
Package pdftex.def Info: NGC5614.png used on input line 386.
(pdftex.def)             Requested size: 81.30437pt x 80.40099pt.

<NGC5630.png, id=98, 270.00874pt x 266.9975pt>
File: NGC5630.png Graphic file (type png)
 <use NGC5630.png>
Package pdftex.def Info: NGC5630.png used on input line 390.
(pdftex.def)             Requested size: 81.00323pt x 80.09985pt.

<NGC5720.png, id=99, 271.0125pt x 270.00874pt>
File: NGC5720.png Graphic file (type png)
 <use NGC5720.png>
Package pdftex.def Info: NGC5720.png used on input line 394.
(pdftex.def)             Requested size: 81.30437pt x 81.00323pt.
File: UGC09476.png Graphic file (type png)

<use UGC09476.png>
Package pdftex.def Info: UGC09476.png used on input line 398.
(pdftex.def)             Requested size: 80.09985pt x 79.4976pt.
 [9 <./NGC5520.png> <./NGC5614.png> <./NGC5630.png> <./NGC5720.png>] <NGC5888.p
ng, id=107, 270.00874pt x 266.9975pt>
File: NGC5888.png Graphic file (type png)
 <use NGC5888.png>
Package pdftex.def Info: NGC5888.png used on input line 405.
(pdftex.def)             Requested size: 81.00323pt x 80.09985pt.

<IC4566.png, id=108, 268.00125pt x 268.00125pt>
File: IC4566.png Graphic file (type png)
 <use IC4566.png>
Package pdftex.def Info: IC4566.png used on input line 409.
(pdftex.def)             Requested size: 80.40099pt x 80.40099pt.

<NGC6004.png, id=109, 270.00874pt x 270.00874pt>
File: NGC6004.png Graphic file (type png)
 <use NGC6004.png>
Package pdftex.def Info: NGC6004.png used on input line 413.
(pdftex.def)             Requested size: 81.00323pt x 81.00323pt.

<NGC6063.png, id=110, 270.00874pt x 268.00125pt>
File: NGC6063.png Graphic file (type png)
 <use NGC6063.png>
Package pdftex.def Info: NGC6063.png used on input line 417.
(pdftex.def)             Requested size: 81.00323pt x 80.40099pt.

<NGC6154.png, id=111, 270.00874pt x 266.9975pt>
File: NGC6154.png Graphic file (type png)
 <use NGC6154.png>
Package pdftex.def Info: NGC6154.png used on input line 421.
(pdftex.def)             Requested size: 81.00323pt x 80.09985pt.
File: IC1256.png Graphic file (type png)

<use IC1256.png>
Package pdftex.def Info: IC1256.png used on input line 425.
(pdftex.def)             Requested size: 81.6055pt x 79.4976pt.
 <NGC6941.png, id=112, 272.01625pt x 266.9975pt>
File: NGC6941.png Graphic file (type png)

<use NGC6941.png>
Package pdftex.def Info: NGC6941.png used on input line 429.
(pdftex.def)             Requested size: 81.6055pt x 80.09985pt.
 <UGC11649.png, id=113, 266.9975pt x 266.9975pt>
File: UGC11649.png Graphic file (type png)

<use UGC11649.png>
Package pdftex.def Info: UGC11649.png used on input line 433.
(pdftex.def)             Requested size: 80.09985pt x 80.09985pt.
File: NGC7321.png Graphic file (type png)
 <use NGC7321.png>
Package pdftex.def Info: NGC7321.png used on input line 437.
(pdftex.def)             Requested size: 81.90663pt x 80.40099pt.

<UGC12224.png, id=114, 272.01625pt x 266.9975pt>
File: UGC12224.png Graphic file (type png)
 <use UGC12224.png>
Package pdftex.def Info: UGC12224.png used on input line 441.
(pdftex.def)             Requested size: 81.6055pt x 80.09985pt.
 [10 <./NGC5888.png> <./IC4566.png> <./NGC6004.png> <./NGC6063.png> <./NGC6154.
png> <./NGC6941.png> <./UGC11649.png> <./UGC12224.png>]
<NGC7489.png, id=126, 270.00874pt x 269.005pt>
File: NGC7489.png Graphic file (type png)
 <use NGC7489.png>
Package pdftex.def Info: NGC7489.png used on input line 448.
(pdftex.def)             Requested size: 81.00323pt x 80.70212pt.

<NGC7625.png, id=127, 270.00874pt x 268.00125pt>
File: NGC7625.png Graphic file (type png)
 <use NGC7625.png>
Package pdftex.def Info: NGC7625.png used on input line 452.
(pdftex.def)             Requested size: 81.00323pt x 80.40099pt.

<NGC7653.png, id=128, 268.00125pt x 269.005pt>
File: NGC7653.png Graphic file (type png)
 <use NGC7653.png>
Package pdftex.def Info: NGC7653.png used on input line 456.
(pdftex.def)             Requested size: 80.40099pt x 80.70212pt.

<NGC7716.png, id=129, 273.02pt x 272.01625pt>
File: NGC7716.png Graphic file (type png)
 <use NGC7716.png>
Package pdftex.def Info: NGC7716.png used on input line 460.
(pdftex.def)             Requested size: 81.90663pt x 81.6055pt.

<NGC5947.png, id=130, 270.00874pt x 266.9975pt>
File: NGC5947.png Graphic file (type png)
 <use NGC5947.png>
Package pdftex.def Info: NGC5947.png used on input line 464.
(pdftex.def)             Requested size: 81.00323pt x 80.09985pt.

No file lista.bbl.
[11 <./NGC7489.png> <./NGC7625.png> <./NGC7653.png> <./NGC7716.png> <./NGC5947.
png>] (./lista.aux)

LaTeX Warning: Label(s) may have changed. Rerun to get cross-references right .


 ) 
Here is how much of TeX's memory you used:
 3697 strings out of 493307
 50359 string characters out of 6139905
 127659 words of memory out of 5000000
 7099 multiletter control sequences out of 15000+600000
 4852 words of font info for 18 fonts, out of 8000000 for 9000
 957 hyphenation exceptions out of 8191
 38i,6n,23p,260b,250s stack positions out of 5000i,500n,10000p,200000b,80000s
</usr/share/texlive/texmf-dist/fonts/type1/public/amsfonts/cm/cmbx9.pfb></usr
/share/texlive/texmf-dist/fonts/type1/public/amsfonts/cm/cmr10.pfb></usr/share/
texlive/texmf-dist/fonts/type1/public/amsfonts/cm/cmr9.pfb>
Output written on lista.pdf (11 pages, 6723842 bytes).
PDF statistics:
 151 PDF objects out of 1000 (max. 8388607)
 36 compressed objects within 1 object stream
 0 named destinations out of 1000 (max. 500000)
 246 words of extra memory for PDF output out of 10000 (max. 10000000)

